<?xml version="1.0" encoding="UTF-8"?>
<!-- Generated by org.testng.reporters.JUnitReportReporter -->
<testsuite skipped="0" hostname="jani" name="com.pageobject.Pageobjects" tests="1" failures="0" timestamp="2020-05-17T01:32:35 PDT" time="0.026" errors="0">
  <testcase name="get" time="0.026" classname="com.pageobject.Pageobjects"/>
  <system-out/>
</testsuite> <!-- com.pageobject.Pageobjects -->
