<?xml version="1.0" encoding="UTF-8"?>
<!-- Generated by org.testng.reporters.JUnitReportReporter -->
<testsuite skipped="1" hostname="jani" name="com.test.test" tests="1" failures="0" timestamp="2020-05-22T20:39:53 PDT" time="0.000" errors="0">
  <testcase name="testm" time="0.000" classname="com.test.test">
    <skipped/>
  </testcase> <!-- testm -->
  <system-out/>
</testsuite> <!-- com.test.test -->
